Release 14.7 - xst P.20131013 (nt64)
Copyright (c) 1995-2013 Xilinx, Inc.  All rights reserved.
--> Parameter TMPDIR set to xst/projnav.tmp


Total REAL time to Xst completion: 0.00 secs
Total CPU time to Xst completion: 0.13 secs
 
--> Parameter xsthdpdir set to xst


Total REAL time to Xst completion: 0.00 secs
Total CPU time to Xst completion: 0.13 secs
 
--> Reading design: string2.prj

TABLE OF CONTENTS
  1) Synthesis Options Summary
  2) HDL Compilation
  3) Design Hierarchy Analysis
  4) HDL Analysis
  5) HDL Synthesis
     5.1) HDL Synthesis Report
  6) Advanced HDL Synthesis
     6.1) Advanced HDL Synthesis Report
  7) Low Level Synthesis
  8) Partition Report
  9) Final Report

=========================================================================
*                      Synthesis Options Summary                        *
=========================================================================
---- Source Parameters
Input File Name                    : "string2.prj"
Input Format                       : mixed
Ignore Synthesis Constraint File   : NO

---- Target Parameters
Output File Name                   : "string2"
Output Format                      : NGC
Target Device                      : XC9500 CPLDs

---- Source Options
Top Module Name                    : string2
Automatic FSM Extraction           : YES
FSM Encoding Algorithm             : Auto
Safe Implementation                : No
Mux Extraction                     : Yes
Resource Sharing                   : YES

---- Target Options
Add IO Buffers                     : YES
MACRO Preserve                     : YES
XOR Preserve                       : YES
Equivalent register Removal        : YES

---- General Options
Optimization Goal                  : Speed
Optimization Effort                : 1
Keep Hierarchy                     : Yes
Netlist Hierarchy                  : As_Optimized
RTL Output                         : Yes
Hierarchy Separator                : /
Bus Delimiter                      : <>
Case Specifier                     : Maintain
Verilog 2001                       : YES

---- Other Options
wysiwyg                            : NO

=========================================================================


=========================================================================
*                          HDL Compilation                              *
=========================================================================
Compiling verilog file "string2.v" in library work
Module <string2> compiled
No errors in compilation
Analysis of file <"string2.prj"> succeeded.
 

=========================================================================
*                     Design Hierarchy Analysis                         *
=========================================================================
Analyzing hierarchy for module <string2> in library <work>.


=========================================================================
*                            HDL Analysis                               *
=========================================================================
Analyzing top module <string2>.
"string2.v" line 33: $display : initial......
"string2.v" line 49: $display : clr is not enabled
"string2.v" line 53: $display : 0
Module <string2> is correct for synthesis.
 

=========================================================================
*                           HDL Synthesis                               *
=========================================================================

Performing bidirectional port resolution...

Synthesizing Unit <string2>.
    Related source file is "string2.v".
    Found 1-bit register for signal <result>.
    Found 8-bit comparator greater for signal <result$cmp_gt0000> created at line 57.
    Found 8-bit comparator less for signal <result$cmp_lt0000> created at line 57.
    Found 5-bit register for signal <state>.
    Found 8-bit comparator greatequal for signal <state$cmp_ge0000> created at line 57.
    Found 8-bit comparator lessequal for signal <state$cmp_le0000> created at line 57.
    Summary:
	inferred   4 Comparator(s).
Unit <string2> synthesized.


=========================================================================
HDL Synthesis Report

Macro Statistics
# Registers                                            : 2
 1-bit register                                        : 1
 5-bit register                                        : 1
# Comparators                                          : 4
 8-bit comparator greatequal                           : 1
 8-bit comparator greater                              : 1
 8-bit comparator less                                 : 1
 8-bit comparator lessequal                            : 1

=========================================================================

=========================================================================
*                       Advanced HDL Synthesis                          *
=========================================================================


=========================================================================
Advanced HDL Synthesis Report

Found no macro
=========================================================================

=========================================================================
*                         Low Level Synthesis                           *
=========================================================================
WARNING:Xst:2677 - Node <state_4> of sequential type is unconnected in block <string2>.
WARNING:Xst:2677 - Node <state_3> of sequential type is unconnected in block <string2>.
WARNING:Xst:2677 - Node <state_2> of sequential type is unconnected in block <string2>.
WARNING:Xst:2677 - Node <state_1> of sequential type is unconnected in block <string2>.
WARNING:Xst:2677 - Node <state_0> of sequential type is unconnected in block <string2>.

ERROR:Xst:528 - Multi-source in Unit <string2> on signal <out>; this signal is connected to multiple drivers.
Drivers are: 
   Output signal of FD instance <result>
   Signal <result> in Unit <string2> is assigned to GND


Total REAL time to Xst completion: 4.00 secs
Total CPU time to Xst completion: 3.84 secs
 
--> 

Total memory usage is 4518680 kilobytes

Number of errors   :    1 (   0 filtered)
Number of warnings :    5 (   0 filtered)
Number of infos    :    0 (   0 filtered)

