ISim log file
Running: E:\CPU Project\ADD4\test1_isim_beh.exe -intstyle ise -gui -tclbatch isim.cmd -wdb E:/CPU Project/ADD4/test1_isim_beh.wdb 
ISim P.20131013 (signature 0x7708f090)
This is a Full version of ISim.
Time resolution is 1 ps
# onerror resume
# wave add /
# run 1000 ns
Simulator is doing circuit initialization process.
Finished circuit initialization process.
  1 : 12
  2 : 12
  3 : 12
  4 : 12
  5 : 12
  6 : 12
  7 : 12
  8 : 12
  9 : 12
 10 : 12
 11 : 12
 12 : 12
 13 : 12
 14 : 12
 15 : 12
 16 : 12
 17 : 12
 18 : 12
 19 : 12
 20 : 12
 21 : 12
 22 : 12
 23 : 12
 24 : 12
 25 : 12
 26 : 12
 27 : 12
 28 : 12
 29 : 12
 30 : 12
 31 : 12
 32 : 12
 33 : 12
 34 : 12
 35 : 12
 36 : 12
 37 : 12
 38 : 12
 39 : 12
 40 : 12
 41 : 12
 42 : 12
 43 : 12
 44 : 12
 45 : 12
 46 : 12
 47 : 12
 48 : 12
 49 : 12
 50 : 12
