ISim log file
Running: E:\CPU Project\PipeLine_CPU\test_isim_beh.exe -intstyle ise -gui -tclbatch isim.cmd -wdb E:/CPU Project/PipeLine_CPU/test_isim_beh.wdb 
ISim P.20131013 (signature 0x7708f090)
This is a Full version of ISim.
WARNING:  For instance uut/Reg_D_to_E/, width 1 of formal port en is not equal to width 32 of actual constant.
WARNING:  For instance uut/Reg_E_to_M/, width 1 of formal port en is not equal to width 32 of actual constant.
WARNING:  For instance uut/Reg_M_to_W/, width 1 of formal port en is not equal to width 32 of actual constant.
Time resolution is 1 ps
# onerror resume
# wave add /
# run 1000 ns
Simulator is doing circuit initialization process.
Finished circuit initialization process.
                   9@00003000: $ 1 <= 00003456
                  11@00003004: $ 2 <= 00003456
                  17@00003010: $ 3 <= 00000009
                  17@00003014: *00000010 <= 00003456
                  21@00003018: $ 2 <= 00000011
                  23@0000301c: $ 1 <= 00000001
                  25@00003020: $ 2 <= 00000010
                  27@00003024: $ 8 <= 12340000
                  29@00003028: $ 9 <= 00003456
                  33@00003030: $ 1 <= fffffff1
                  35@00003030: $ 1 <= ffffffe1
                  37@00003034: $ 2 <= 12340010
                  39@00003038: $17 <= 1be20000
                  41@0000303c: $ 2 <= 2e160010
                  47@00003048: $31 <= 00003050
                  49@0000304c: $17 <= 1be20000
                  51@00003050: $15 <= 00000001
                  51@00003054: *00000008 <= 00000009
                  55@00003058: $24 <= 00000005
                  57@0000305c: $31 <= 00003064
                  59@00003068: *00000000 <= 00003064
                  63@0000306c: $21 <= 00000001
                  65@00003074: *fffffffc <= 1be20000
                  69@00003064: $14 <= 00000010
                  69@00003068: *00000000 <= 00003064
                  73@0000306c: $21 <= 00000002
                  75@00003074: *0000000c <= 1be20000
                  79@00003064: $14 <= 00000010
                  79@00003068: *00000000 <= 00003064
                  83@0000306c: $21 <= 00000003
                  85@00003074: *0000000c <= 1be20000
                  89@00003064: $14 <= 00000010
                  89@00003068: *00000000 <= 00003064
                  93@0000306c: $21 <= 00000004
                  95@00003074: *0000000c <= 1be20000
                  99@00003064: $14 <= 00000010
                  99@00003068: *00000000 <= 00003064
                 103@0000306c: $21 <= 00000005
                 105@00003074: *0000000c <= 1be20000
                 109@00003064: $14 <= 00000010
                 109@00003068: *00000000 <= 00003064
                 113@0000306c: $21 <= 00000006
                 115@00003074: *0000000c <= 1be20000
                 119@00003064: $14 <= 00000010
                 119@00003068: *00000000 <= 00003064
                 123@0000306c: $21 <= 00000007
                 125@00003074: *0000000c <= 1be20000
                 129@00003064: $14 <= 00000010
                 129@00003068: *00000000 <= 00003064
                 133@0000306c: $21 <= 00000008
                 135@00003074: *0000000c <= 1be20000
                 139@00003064: $14 <= 00000010
                 139@00003068: *00000000 <= 00003064
                 143@0000306c: $21 <= 00000009
                 145@00003074: *0000000c <= 1be20000
                 149@00003064: $14 <= 00000010
                 149@00003068: *00000000 <= 00003064
                 153@0000306c: $21 <= 0000000a
                 155@00003074: *0000000c <= 1be20000
                 159@00003064: $14 <= 00000010
                 159@00003068: *00000000 <= 00003064
                 163@0000306c: $21 <= 0000000b
                 165@00003074: *0000000c <= 1be20000
                 169@00003064: $14 <= 00000010
                 169@00003068: *00000000 <= 00003064
                 173@0000306c: $21 <= 0000000c
                 175@00003074: *0000000c <= 1be20000
                 179@00003064: $14 <= 00000010
                 179@00003068: *00000000 <= 00003064
                 183@0000306c: $21 <= 0000000d
                 185@00003074: *0000000c <= 1be20000
                 189@00003064: $14 <= 00000010
                 189@00003068: *00000000 <= 00003064
                 193@0000306c: $21 <= 0000000e
                 195@00003074: *0000000c <= 1be20000
                 199@00003064: $14 <= 00000010
                 199@00003068: *00000000 <= 00003064
                 203@0000306c: $21 <= 0000000f
                 205@00003074: *0000000c <= 1be20000
                 209@00003064: $14 <= 00000010
                 209@00003068: *00000000 <= 00003064
                 213@0000306c: $21 <= 00000010
                 215@00003074: *0000000c <= 1be20000
                 219@00003064: $14 <= 00000010
                 219@00003068: *00000000 <= 00003064
                 223@0000306c: $21 <= 00000011
                 225@00003074: *0000000c <= 1be20000
                 229@00003064: $14 <= 00000010
                 229@00003068: *00000000 <= 00003064
                 233@0000306c: $21 <= 00000012
                 235@00003074: *0000000c <= 1be20000
                 239@00003064: $14 <= 00000010
                 239@00003068: *00000000 <= 00003064
                 243@0000306c: $21 <= 00000013
                 245@00003074: *0000000c <= 1be20000
                 249@00003064: $14 <= 00000010
                 249@00003068: *00000000 <= 00003064
                 253@0000306c: $21 <= 00000014
                 255@00003074: *0000000c <= 1be20000
                 259@00003064: $14 <= 00000010
                 259@00003068: *00000000 <= 00003064
                 263@0000306c: $21 <= 00000015
                 265@00003074: *0000000c <= 1be20000
                 269@00003064: $14 <= 00000010
                 269@00003068: *00000000 <= 00003064
                 273@0000306c: $21 <= 00000016
                 275@00003074: *0000000c <= 1be20000
                 279@00003064: $14 <= 00000010
                 279@00003068: *00000000 <= 00003064
                 283@0000306c: $21 <= 00000017
                 285@00003074: *0000000c <= 1be20000
                 289@00003064: $14 <= 00000010
                 289@00003068: *00000000 <= 00003064
                 293@0000306c: $21 <= 00000018
                 295@00003074: *0000000c <= 1be20000
                 299@00003064: $14 <= 00000010
                 299@00003068: *00000000 <= 00003064
                 303@0000306c: $21 <= 00000019
                 305@00003074: *0000000c <= 1be20000
                 309@00003064: $14 <= 00000010
                 309@00003068: *00000000 <= 00003064
                 313@0000306c: $21 <= 0000001a
                 315@00003074: *0000000c <= 1be20000
                 319@00003064: $14 <= 00000010
                 319@00003068: *00000000 <= 00003064
                 323@0000306c: $21 <= 0000001b
                 325@00003074: *0000000c <= 1be20000
                 329@00003064: $14 <= 00000010
                 329@00003068: *00000000 <= 00003064
                 333@0000306c: $21 <= 0000001c
                 335@00003074: *0000000c <= 1be20000
                 339@00003064: $14 <= 00000010
                 339@00003068: *00000000 <= 00003064
                 343@0000306c: $21 <= 0000001d
                 345@00003074: *0000000c <= 1be20000
                 349@00003064: $14 <= 00000010
                 349@00003068: *00000000 <= 00003064
                 353@0000306c: $21 <= 0000001e
                 355@00003074: *0000000c <= 1be20000
                 359@00003064: $14 <= 00000010
                 359@00003068: *00000000 <= 00003064
                 363@0000306c: $21 <= 0000001f
                 365@00003074: *0000000c <= 1be20000
                 369@00003064: $14 <= 00000010
                 369@00003068: *00000000 <= 00003064
                 373@0000306c: $21 <= 00000020
                 375@00003074: *0000000c <= 1be20000
                 379@00003064: $14 <= 00000010
                 379@00003068: *00000000 <= 00003064
                 383@0000306c: $21 <= 00000021
                 385@00003074: *0000000c <= 1be20000
                 389@00003064: $14 <= 00000010
                 389@00003068: *00000000 <= 00003064
                 393@0000306c: $21 <= 00000022
                 395@00003074: *0000000c <= 1be20000
                 399@00003064: $14 <= 00000010
                 399@00003068: *00000000 <= 00003064
                 403@0000306c: $21 <= 00000023
                 405@00003074: *0000000c <= 1be20000
                 409@00003064: $14 <= 00000010
                 409@00003068: *00000000 <= 00003064
                 413@0000306c: $21 <= 00000024
                 415@00003074: *0000000c <= 1be20000
                 419@00003064: $14 <= 00000010
                 419@00003068: *00000000 <= 00003064
                 423@0000306c: $21 <= 00000025
                 425@00003074: *0000000c <= 1be20000
                 429@00003064: $14 <= 00000010
                 429@00003068: *00000000 <= 00003064
                 433@0000306c: $21 <= 00000026
                 435@00003074: *0000000c <= 1be20000
                 439@00003064: $14 <= 00000010
                 439@00003068: *00000000 <= 00003064
                 443@0000306c: $21 <= 00000027
                 445@00003074: *0000000c <= 1be20000
                 449@00003064: $14 <= 00000010
                 449@00003068: *00000000 <= 00003064
                 453@0000306c: $21 <= 00000028
                 455@00003074: *0000000c <= 1be20000
                 459@00003064: $14 <= 00000010
                 459@00003068: *00000000 <= 00003064
                 463@0000306c: $21 <= 00000029
                 465@00003074: *0000000c <= 1be20000
                 469@00003064: $14 <= 00000010
                 469@00003068: *00000000 <= 00003064
                 473@0000306c: $21 <= 0000002a
                 475@00003074: *0000000c <= 1be20000
                 479@00003064: $14 <= 00000010
                 479@00003068: *00000000 <= 00003064
                 483@0000306c: $21 <= 0000002b
                 485@00003074: *0000000c <= 1be20000
                 489@00003064: $14 <= 00000010
                 489@00003068: *00000000 <= 00003064
                 493@0000306c: $21 <= 0000002c
                 495@00003074: *0000000c <= 1be20000
                 499@00003064: $14 <= 00000010
                 499@00003068: *00000000 <= 00003064
                 503@0000306c: $21 <= 0000002d
                 505@00003074: *0000000c <= 1be20000
                 509@00003064: $14 <= 00000010
                 509@00003068: *00000000 <= 00003064
                 513@0000306c: $21 <= 0000002e
                 515@00003074: *0000000c <= 1be20000
                 519@00003064: $14 <= 00000010
                 519@00003068: *00000000 <= 00003064
                 523@0000306c: $21 <= 0000002f
                 525@00003074: *0000000c <= 1be20000
                 529@00003064: $14 <= 00000010
                 529@00003068: *00000000 <= 00003064
                 533@0000306c: $21 <= 00000030
                 535@00003074: *0000000c <= 1be20000
                 539@00003064: $14 <= 00000010
                 539@00003068: *00000000 <= 00003064
                 543@0000306c: $21 <= 00000031
                 545@00003074: *0000000c <= 1be20000
                 549@00003064: $14 <= 00000010
                 549@00003068: *00000000 <= 00003064
                 553@0000306c: $21 <= 00000032
                 555@00003074: *0000000c <= 1be20000
                 559@00003064: $14 <= 00000010
                 559@00003068: *00000000 <= 00003064
                 563@0000306c: $21 <= 00000033
                 565@00003074: *0000000c <= 1be20000
                 569@00003064: $14 <= 00000010
                 569@00003068: *00000000 <= 00003064
                 573@0000306c: $21 <= 00000034
                 575@00003074: *0000000c <= 1be20000
                 579@00003064: $14 <= 00000010
                 579@00003068: *00000000 <= 00003064
                 583@0000306c: $21 <= 00000035
                 585@00003074: *0000000c <= 1be20000
                 589@00003064: $14 <= 00000010
                 589@00003068: *00000000 <= 00003064
                 593@0000306c: $21 <= 00000036
                 595@00003074: *0000000c <= 1be20000
                 599@00003064: $14 <= 00000010
                 599@00003068: *00000000 <= 00003064
                 603@0000306c: $21 <= 00000037
                 605@00003074: *0000000c <= 1be20000
                 609@00003064: $14 <= 00000010
                 609@00003068: *00000000 <= 00003064
                 613@0000306c: $21 <= 00000038
                 615@00003074: *0000000c <= 1be20000
                 619@00003064: $14 <= 00000010
                 619@00003068: *00000000 <= 00003064
                 623@0000306c: $21 <= 00000039
                 625@00003074: *0000000c <= 1be20000
                 629@00003064: $14 <= 00000010
                 629@00003068: *00000000 <= 00003064
                 633@0000306c: $21 <= 0000003a
                 635@00003074: *0000000c <= 1be20000
                 639@00003064: $14 <= 00000010
                 639@00003068: *00000000 <= 00003064
                 643@0000306c: $21 <= 0000003b
                 645@00003074: *0000000c <= 1be20000
                 649@00003064: $14 <= 00000010
                 649@00003068: *00000000 <= 00003064
                 653@0000306c: $21 <= 0000003c
                 655@00003074: *0000000c <= 1be20000
                 659@00003064: $14 <= 00000010
                 659@00003068: *00000000 <= 00003064
                 663@0000306c: $21 <= 0000003d
                 665@00003074: *0000000c <= 1be20000
                 669@00003064: $14 <= 00000010
                 669@00003068: *00000000 <= 00003064
                 673@0000306c: $21 <= 0000003e
                 675@00003074: *0000000c <= 1be20000
                 679@00003064: $14 <= 00000010
                 679@00003068: *00000000 <= 00003064
                 683@0000306c: $21 <= 0000003f
                 685@00003074: *0000000c <= 1be20000
                 689@00003064: $14 <= 00000010
                 689@00003068: *00000000 <= 00003064
                 693@0000306c: $21 <= 00000040
                 695@00003074: *0000000c <= 1be20000
                 699@00003064: $14 <= 00000010
                 699@00003068: *00000000 <= 00003064
                 703@0000306c: $21 <= 00000041
                 705@00003074: *0000000c <= 1be20000
                 709@00003064: $14 <= 00000010
                 709@00003068: *00000000 <= 00003064
                 713@0000306c: $21 <= 00000042
                 715@00003074: *0000000c <= 1be20000
                 719@00003064: $14 <= 00000010
                 719@00003068: *00000000 <= 00003064
                 723@0000306c: $21 <= 00000043
                 725@00003074: *0000000c <= 1be20000
                 729@00003064: $14 <= 00000010
                 729@00003068: *00000000 <= 00003064
                 733@0000306c: $21 <= 00000044
                 735@00003074: *0000000c <= 1be20000
                 739@00003064: $14 <= 00000010
                 739@00003068: *00000000 <= 00003064
                 743@0000306c: $21 <= 00000045
                 745@00003074: *0000000c <= 1be20000
                 749@00003064: $14 <= 00000010
                 749@00003068: *00000000 <= 00003064
                 753@0000306c: $21 <= 00000046
                 755@00003074: *0000000c <= 1be20000
                 759@00003064: $14 <= 00000010
                 759@00003068: *00000000 <= 00003064
                 763@0000306c: $21 <= 00000047
                 765@00003074: *0000000c <= 1be20000
                 769@00003064: $14 <= 00000010
                 769@00003068: *00000000 <= 00003064
                 773@0000306c: $21 <= 00000048
                 775@00003074: *0000000c <= 1be20000
                 779@00003064: $14 <= 00000010
                 779@00003068: *00000000 <= 00003064
                 783@0000306c: $21 <= 00000049
                 785@00003074: *0000000c <= 1be20000
                 789@00003064: $14 <= 00000010
                 789@00003068: *00000000 <= 00003064
                 793@0000306c: $21 <= 0000004a
                 795@00003074: *0000000c <= 1be20000
                 799@00003064: $14 <= 00000010
                 799@00003068: *00000000 <= 00003064
                 803@0000306c: $21 <= 0000004b
                 805@00003074: *0000000c <= 1be20000
                 809@00003064: $14 <= 00000010
                 809@00003068: *00000000 <= 00003064
                 813@0000306c: $21 <= 0000004c
                 815@00003074: *0000000c <= 1be20000
                 819@00003064: $14 <= 00000010
                 819@00003068: *00000000 <= 00003064
                 823@0000306c: $21 <= 0000004d
                 825@00003074: *0000000c <= 1be20000
                 829@00003064: $14 <= 00000010
                 829@00003068: *00000000 <= 00003064
                 833@0000306c: $21 <= 0000004e
                 835@00003074: *0000000c <= 1be20000
                 839@00003064: $14 <= 00000010
                 839@00003068: *00000000 <= 00003064
                 843@0000306c: $21 <= 0000004f
                 845@00003074: *0000000c <= 1be20000
                 849@00003064: $14 <= 00000010
                 849@00003068: *00000000 <= 00003064
                 853@0000306c: $21 <= 00000050
                 855@00003074: *0000000c <= 1be20000
                 859@00003064: $14 <= 00000010
                 859@00003068: *00000000 <= 00003064
                 863@0000306c: $21 <= 00000051
                 865@00003074: *0000000c <= 1be20000
                 869@00003064: $14 <= 00000010
                 869@00003068: *00000000 <= 00003064
                 873@0000306c: $21 <= 00000052
                 875@00003074: *0000000c <= 1be20000
                 879@00003064: $14 <= 00000010
                 879@00003068: *00000000 <= 00003064
                 883@0000306c: $21 <= 00000053
                 885@00003074: *0000000c <= 1be20000
                 889@00003064: $14 <= 00000010
                 889@00003068: *00000000 <= 00003064
                 893@0000306c: $21 <= 00000054
                 895@00003074: *0000000c <= 1be20000
                 899@00003064: $14 <= 00000010
                 899@00003068: *00000000 <= 00003064
                 903@0000306c: $21 <= 00000055
                 905@00003074: *0000000c <= 1be20000
                 909@00003064: $14 <= 00000010
                 909@00003068: *00000000 <= 00003064
                 913@0000306c: $21 <= 00000056
                 915@00003074: *0000000c <= 1be20000
                 919@00003064: $14 <= 00000010
                 919@00003068: *00000000 <= 00003064
                 923@0000306c: $21 <= 00000057
                 925@00003074: *0000000c <= 1be20000
                 929@00003064: $14 <= 00000010
                 929@00003068: *00000000 <= 00003064
                 933@0000306c: $21 <= 00000058
                 935@00003074: *0000000c <= 1be20000
                 939@00003064: $14 <= 00000010
                 939@00003068: *00000000 <= 00003064
                 943@0000306c: $21 <= 00000059
                 945@00003074: *0000000c <= 1be20000
                 949@00003064: $14 <= 00000010
                 949@00003068: *00000000 <= 00003064
                 953@0000306c: $21 <= 0000005a
                 955@00003074: *0000000c <= 1be20000
                 959@00003064: $14 <= 00000010
                 959@00003068: *00000000 <= 00003064
                 963@0000306c: $21 <= 0000005b
                 965@00003074: *0000000c <= 1be20000
                 969@00003064: $14 <= 00000010
                 969@00003068: *00000000 <= 00003064
                 973@0000306c: $21 <= 0000005c
                 975@00003074: *0000000c <= 1be20000
                 979@00003064: $14 <= 00000010
                 979@00003068: *00000000 <= 00003064
                 983@0000306c: $21 <= 0000005d
                 985@00003074: *0000000c <= 1be20000
                 989@00003064: $14 <= 00000010
                 989@00003068: *00000000 <= 00003064
                 993@0000306c: $21 <= 0000005e
                 995@00003074: *0000000c <= 1be20000
                 999@00003064: $14 <= 00000010
                 999@00003068: *00000000 <= 00003064
