#! c:/iverilog-x64/bin/vvp
:ivl_version "10.1 (stable)" "(v10_1_1)";
:ivl_delay_selection "TYPICAL";
:vpi_time_precision - 12;
:vpi_module "system";
:vpi_module "vhdl_sys";
:vpi_module "v2005_math";
:vpi_module "va_math";
S_000000000123c320 .scope module, "Level_Execute" "Level_Execute" 2 22;
 .timescale -9 -12;
    .port_info 0 /INPUT 32 "Instr_in"
    .port_info 1 /INPUT 32 "PC_plus_4"
    .port_info 2 /INPUT 32 "PC_plus_8"
    .port_info 3 /INPUT 5 "A1"
    .port_info 4 /INPUT 5 "A2"
    .port_info 5 /INPUT 5 "A3"
    .port_info 6 /INPUT 32 "ReadData1"
    .port_info 7 /INPUT 32 "ReadData2"
    .port_info 8 /INPUT 32 "ext"
    .port_info 9 /INPUT 32 "Data_out_RAM"
    .port_info 10 /INPUT 32 "ALUResult_M"
    .port_info 11 /INPUT 5 "select_rs_or_SrcA"
    .port_info 12 /INPUT 5 "select_rt"
    .port_info 13 /INPUT 5 "select_SrcB"
    .port_info 14 /OUTPUT 32 "Instruction"
    .port_info 15 /OUTPUT 32 "PC_plus_4_out"
    .port_info 16 /OUTPUT 32 "PC_plus_8_out"
    .port_info 17 /OUTPUT 5 "A1_out"
    .port_info 18 /OUTPUT 5 "A2_out"
    .port_info 19 /OUTPUT 5 "A3_out"
    .port_info 20 /OUTPUT 5 "WriteRegNum"
    .port_info 21 /OUTPUT 32 "ALUResult"
L_000000000123ecd0 .functor BUFZ 3, v0000000001166670_0, C4<000>, C4<000>, C4<000>;
o000000000110d218 .functor BUFZ 32, C4<zzzzzzzzzzzzzzzzzzzzzzzzzzzzzzzz>; HiZ drive
L_000000000116b500 .functor BUFZ 32, o000000000110d218, C4<00000000000000000000000000000000>, C4<00000000000000000000000000000000>, C4<00000000000000000000000000000000>;
o000000000110d278 .functor BUFZ 32, C4<zzzzzzzzzzzzzzzzzzzzzzzzzzzzzzzz>; HiZ drive
L_000000000116aee0 .functor BUFZ 32, o000000000110d278, C4<00000000000000000000000000000000>, C4<00000000000000000000000000000000>, C4<00000000000000000000000000000000>;
o000000000110d2d8 .functor BUFZ 32, C4<zzzzzzzzzzzzzzzzzzzzzzzzzzzzzzzz>; HiZ drive
L_000000000116b030 .functor BUFZ 32, o000000000110d2d8, C4<00000000000000000000000000000000>, C4<00000000000000000000000000000000>, C4<00000000000000000000000000000000>;
o000000000110d068 .functor BUFZ 5, C4<zzzzz>; HiZ drive
L_000000000116af50 .functor BUFZ 5, o000000000110d068, C4<00000>, C4<00000>, C4<00000>;
o000000000110d0c8 .functor BUFZ 5, C4<zzzzz>; HiZ drive
L_000000000116b570 .functor BUFZ 5, o000000000110d0c8, C4<00000>, C4<00000>, C4<00000>;
o000000000110d128 .functor BUFZ 5, C4<zzzzz>; HiZ drive
L_000000000116b420 .functor BUFZ 5, o000000000110d128, C4<00000>, C4<00000>, C4<00000>;
v0000000001167ed0_0 .net "A1", 4 0, o000000000110d068;  0 drivers
v0000000001167d90_0 .net "A1_out", 4 0, L_000000000116af50;  1 drivers
v00000000011680b0_0 .net "A2", 4 0, o000000000110d0c8;  0 drivers
v00000000011674d0_0 .net "A2_out", 4 0, L_000000000116b570;  1 drivers
v0000000001166e90_0 .net "A3", 4 0, o000000000110d128;  0 drivers
v0000000001166d50_0 .net "A3_out", 4 0, L_000000000116b420;  1 drivers
v00000000011667b0_0 .net "ALUOp", 2 0, L_000000000123ecd0;  1 drivers
v00000000011679d0_0 .net "ALUResult", 31 0, L_000000000116b1f0;  1 drivers
o000000000110d188 .functor BUFZ 32, C4<zzzzzzzzzzzzzzzzzzzzzzzzzzzzzzzz>; HiZ drive
v0000000001168150_0 .net "ALUResult_M", 31 0, o000000000110d188;  0 drivers
v0000000001166df0_0 .net "ALUSrc", 2 0, v0000000001168010_0;  1 drivers
o000000000110d1e8 .functor BUFZ 32, C4<zzzzzzzzzzzzzzzzzzzzzzzzzzzzzzzz>; HiZ drive
v0000000001167a70_0 .net "Data_out_RAM", 31 0, o000000000110d1e8;  0 drivers
v0000000001168290_0 .net "Instr_in", 31 0, o000000000110d218;  0 drivers
v00000000011681f0_0 .net "Instruction", 31 0, L_000000000116b500;  1 drivers
v0000000001167390_0 .net "PC_plus_4", 31 0, o000000000110d278;  0 drivers
v0000000001166490_0 .net "PC_plus_4_out", 31 0, L_000000000116aee0;  1 drivers
v0000000001168330_0 .net "PC_plus_8", 31 0, o000000000110d2d8;  0 drivers
v00000000011676b0_0 .net "PC_plus_8_out", 31 0, L_000000000116b030;  1 drivers
o000000000110d338 .functor BUFZ 32, C4<zzzzzzzzzzzzzzzzzzzzzzzzzzzzzzzz>; HiZ drive
v00000000011677f0_0 .net "ReadData1", 31 0, o000000000110d338;  0 drivers
o000000000110d368 .functor BUFZ 32, C4<zzzzzzzzzzzzzzzzzzzzzzzzzzzzzzzz>; HiZ drive
v0000000001166a30_0 .net "ReadData2", 31 0, o000000000110d368;  0 drivers
v00000000011672f0_0 .var "RegDst", 4 0;
v0000000001166670_0 .var "Reg_ALUOP", 2 0;
v0000000001168010_0 .var "Reg_ALUSrc", 2 0;
v0000000001166530_0 .net "SrcA", 31 0, L_0000000001169a10;  1 drivers
v0000000001167f70_0 .net "SrcB", 31 0, L_0000000001168930;  1 drivers
v0000000001166ad0_0 .net "WriteRegNum", 4 0, L_0000000001168ed0;  1 drivers
v0000000001167b10_0 .net *"_s16", 31 0, L_000000000116a0f0;  1 drivers
L_0000000002b90088 .functor BUFT 1, C4<000000000000000000000000000>, C4<0>, C4<0>, C4<0>;
v00000000011665d0_0 .net *"_s19", 26 0, L_0000000002b90088;  1 drivers
L_0000000002b900d0 .functor BUFT 1, C4<00000000000000000000000000000000>, C4<0>, C4<0>, C4<0>;
v0000000001166cb0_0 .net/2u *"_s20", 31 0, L_0000000002b900d0;  1 drivers
v0000000001166b70_0 .net *"_s22", 0 0, L_0000000001169c90;  1 drivers
v0000000001167bb0_0 .net *"_s24", 31 0, L_0000000001169970;  1 drivers
L_0000000002b90118 .functor BUFT 1, C4<000000000000000000000000000>, C4<0>, C4<0>, C4<0>;
v0000000001167430_0 .net *"_s27", 26 0, L_0000000002b90118;  1 drivers
L_0000000002b90160 .functor BUFT 1, C4<00000000000000000000000000000001>, C4<0>, C4<0>, C4<0>;
v0000000001166850_0 .net/2u *"_s28", 31 0, L_0000000002b90160;  1 drivers
v00000000011668f0_0 .net *"_s30", 0 0, L_00000000011686b0;  1 drivers
v0000000001167e30_0 .net *"_s32", 31 0, L_0000000001168bb0;  1 drivers
v0000000001166f30_0 .net *"_s36", 31 0, L_0000000001168e30;  1 drivers
L_0000000002b901a8 .functor BUFT 1, C4<000000000000000000000000000>, C4<0>, C4<0>, C4<0>;
v00000000011671b0_0 .net *"_s39", 26 0, L_0000000002b901a8;  1 drivers
L_0000000002b901f0 .functor BUFT 1, C4<00000000000000000000000000000000>, C4<0>, C4<0>, C4<0>;
v0000000001167250_0 .net/2u *"_s40", 31 0, L_0000000002b901f0;  1 drivers
v0000000001166990_0 .net *"_s42", 0 0, L_0000000001169010;  1 drivers
v0000000001166c10_0 .net *"_s44", 31 0, L_0000000001169ab0;  1 drivers
L_0000000002b90238 .functor BUFT 1, C4<000000000000000000000000000>, C4<0>, C4<0>, C4<0>;
v0000000001166fd0_0 .net *"_s47", 26 0, L_0000000002b90238;  1 drivers
L_0000000002b90280 .functor BUFT 1, C4<00000000000000000000000000000001>, C4<0>, C4<0>, C4<0>;
v0000000001167930_0 .net/2u *"_s48", 31 0, L_0000000002b90280;  1 drivers
v0000000001167570_0 .net *"_s50", 0 0, L_000000000116a230;  1 drivers
v0000000001167070_0 .net *"_s52", 31 0, L_000000000116a2d0;  1 drivers
v0000000001167110_0 .net *"_s56", 31 0, L_0000000001168890;  1 drivers
L_0000000002b902c8 .functor BUFT 1, C4<00000000000000000000000000000>, C4<0>, C4<0>, C4<0>;
v0000000001167610_0 .net *"_s59", 28 0, L_0000000002b902c8;  1 drivers
L_0000000002b90310 .functor BUFT 1, C4<00000000000000000000000000000000>, C4<0>, C4<0>, C4<0>;
v0000000001167750_0 .net/2u *"_s60", 31 0, L_0000000002b90310;  1 drivers
v0000000001167890_0 .net *"_s62", 0 0, L_00000000011691f0;  1 drivers
v00000000011698d0_0 .net *"_s66", 31 0, L_00000000011689d0;  1 drivers
L_0000000002b90358 .functor BUFT 1, C4<000000000000000000000000000>, C4<0>, C4<0>, C4<0>;
v0000000001169dd0_0 .net *"_s69", 26 0, L_0000000002b90358;  1 drivers
L_0000000002b903a0 .functor BUFT 1, C4<00000000000000000000000000000000>, C4<0>, C4<0>, C4<0>;
v0000000001169f10_0 .net/2u *"_s70", 31 0, L_0000000002b903a0;  1 drivers
v0000000001169d30_0 .net *"_s72", 0 0, L_0000000001168c50;  1 drivers
v0000000001169fb0_0 .net *"_s74", 5 0, L_0000000001169b50;  1 drivers
L_0000000002b903e8 .functor BUFT 1, C4<0>, C4<0>, C4<0>, C4<0>;
v000000000116a190_0 .net *"_s77", 0 0, L_0000000002b903e8;  1 drivers
v0000000001169650_0 .net *"_s78", 31 0, L_00000000011693d0;  1 drivers
L_0000000002b90430 .functor BUFT 1, C4<000000000000000000000000000>, C4<0>, C4<0>, C4<0>;
v00000000011695b0_0 .net *"_s81", 26 0, L_0000000002b90430;  1 drivers
L_0000000002b90478 .functor BUFT 1, C4<00000000000000000000000000000001>, C4<0>, C4<0>, C4<0>;
v0000000001168750_0 .net/2u *"_s82", 31 0, L_0000000002b90478;  1 drivers
v000000000116a050_0 .net *"_s84", 0 0, L_00000000011690b0;  1 drivers
v0000000001169790_0 .net *"_s86", 5 0, L_000000000116a4b0;  1 drivers
L_0000000002b904c0 .functor BUFT 1, C4<0>, C4<0>, C4<0>, C4<0>;
v0000000001168f70_0 .net *"_s89", 0 0, L_0000000002b904c0;  1 drivers
L_0000000002b90508 .functor BUFT 1, C4<011111>, C4<0>, C4<0>, C4<0>;
v0000000001168cf0_0 .net/2u *"_s90", 5 0, L_0000000002b90508;  1 drivers
v0000000001169510_0 .net *"_s92", 5 0, L_0000000001169330;  1 drivers
v0000000001168d90_0 .net *"_s94", 5 0, L_0000000001169470;  1 drivers
o000000000110db48 .functor BUFZ 32, C4<zzzzzzzzzzzzzzzzzzzzzzzzzzzzzzzz>; HiZ drive
v0000000001169290_0 .net "ext", 31 0, o000000000110db48;  0 drivers
v00000000011687f0_0 .net "rt_value", 31 0, L_0000000001168b10;  1 drivers
o000000000110dba8 .functor BUFZ 5, C4<zzzzz>; HiZ drive
v0000000001169150_0 .net "select_SrcB", 4 0, o000000000110dba8;  0 drivers
o000000000110dbd8 .functor BUFZ 5, C4<zzzzz>; HiZ drive
v00000000011696f0_0 .net "select_rs_or_SrcA", 4 0, o000000000110dbd8;  0 drivers
o000000000110dc08 .functor BUFZ 5, C4<zzzzz>; HiZ drive
v0000000001169830_0 .net "select_rt", 4 0, o000000000110dc08;  0 drivers
E_000000000110b190 .event edge, v0000000001168290_0;
L_000000000116a0f0 .concat [ 5 27 0 0], o000000000110dbd8, L_0000000002b90088;
L_0000000001169c90 .cmp/eq 32, L_000000000116a0f0, L_0000000002b900d0;
L_0000000001169970 .concat [ 5 27 0 0], o000000000110dbd8, L_0000000002b90118;
L_00000000011686b0 .cmp/eq 32, L_0000000001169970, L_0000000002b90160;
L_0000000001168bb0 .functor MUXZ 32, o000000000110d1e8, o000000000110d188, L_00000000011686b0, C4<>;
L_0000000001169a10 .functor MUXZ 32, L_0000000001168bb0, o000000000110d338, L_0000000001169c90, C4<>;
L_0000000001168e30 .concat [ 5 27 0 0], o000000000110dc08, L_0000000002b901a8;
L_0000000001169010 .cmp/eq 32, L_0000000001168e30, L_0000000002b901f0;
L_0000000001169ab0 .concat [ 5 27 0 0], o000000000110dc08, L_0000000002b90238;
L_000000000116a230 .cmp/eq 32, L_0000000001169ab0, L_0000000002b90280;
L_000000000116a2d0 .functor MUXZ 32, o000000000110d1e8, o000000000110d188, L_000000000116a230, C4<>;
L_0000000001168b10 .functor MUXZ 32, L_000000000116a2d0, o000000000110d368, L_0000000001169010, C4<>;
L_0000000001168890 .concat [ 3 29 0 0], v0000000001168010_0, L_0000000002b902c8;
L_00000000011691f0 .cmp/eq 32, L_0000000001168890, L_0000000002b90310;
L_0000000001168930 .functor MUXZ 32, o000000000110db48, L_0000000001168b10, L_00000000011691f0, C4<>;
L_00000000011689d0 .concat [ 5 27 0 0], v00000000011672f0_0, L_0000000002b90358;
L_0000000001168c50 .cmp/eq 32, L_00000000011689d0, L_0000000002b903a0;
L_0000000001169b50 .concat [ 5 1 0 0], o000000000110d0c8, L_0000000002b903e8;
L_00000000011693d0 .concat [ 5 27 0 0], v00000000011672f0_0, L_0000000002b90430;
L_00000000011690b0 .cmp/eq 32, L_00000000011693d0, L_0000000002b90478;
L_000000000116a4b0 .concat [ 5 1 0 0], o000000000110d128, L_0000000002b904c0;
L_0000000001169330 .functor MUXZ 6, L_0000000002b90508, L_000000000116a4b0, L_00000000011690b0, C4<>;
L_0000000001169470 .functor MUXZ 6, L_0000000001169330, L_0000000001169b50, L_0000000001168c50, C4<>;
L_0000000001168ed0 .part L_0000000001169470, 0, 5;
S_00000000010b2f70 .scope module, "ALU" "ALU" 2 75, 3 21 0, S_000000000123c320;
 .timescale -9 -12;
    .port_info 0 /INPUT 32 "SrcA"
    .port_info 1 /INPUT 32 "SrcB"
    .port_info 2 /INPUT 3 "ALUOp"
    .port_info 3 /OUTPUT 32 "ALUResult"
L_000000000116b1f0 .functor BUFZ 32, v0000000001167c50_0, C4<00000000000000000000000000000000>, C4<00000000000000000000000000000000>, C4<00000000000000000000000000000000>;
v0000000001100040_0 .net "ALUOp", 2 0, L_000000000123ecd0;  alias, 1 drivers
v0000000001100180_0 .net "ALUResult", 31 0, L_000000000116b1f0;  alias, 1 drivers
v0000000001167cf0_0 .net "SrcA", 31 0, L_0000000001169a10;  alias, 1 drivers
v0000000001166710_0 .net "SrcB", 31 0, L_0000000001168930;  alias, 1 drivers
v0000000001167c50_0 .var "store", 31 0;
E_000000000110a710 .event edge, v0000000001100040_0, v0000000001167cf0_0, v0000000001166710_0;
    .scope S_00000000010b2f70;
T_0 ;
    %pushi/vec4 0, 0, 32;
    %store/vec4 v0000000001167c50_0, 0, 32;
    %end;
    .thread T_0;
    .scope S_00000000010b2f70;
T_1 ;
    %wait E_000000000110a710;
    %load/vec4 v0000000001100040_0;
    %dup/vec4;
    %pushi/vec4 0, 0, 3;
    %cmp/u;
    %jmp/1 T_1.0, 6;
    %dup/vec4;
    %pushi/vec4 1, 0, 3;
    %cmp/u;
    %jmp/1 T_1.1, 6;
    %dup/vec4;
    %pushi/vec4 2, 0, 3;
    %cmp/u;
    %jmp/1 T_1.2, 6;
    %dup/vec4;
    %pushi/vec4 6, 0, 3;
    %cmp/u;
    %jmp/1 T_1.3, 6;
    %jmp T_1.4;
T_1.0 ;
    %load/vec4 v0000000001167cf0_0;
    %load/vec4 v0000000001166710_0;
    %and;
    %store/vec4 v0000000001167c50_0, 0, 32;
    %jmp T_1.4;
T_1.1 ;
    %load/vec4 v0000000001167cf0_0;
    %load/vec4 v0000000001166710_0;
    %or;
    %store/vec4 v0000000001167c50_0, 0, 32;
    %jmp T_1.4;
T_1.2 ;
    %load/vec4 v0000000001167cf0_0;
    %load/vec4 v0000000001166710_0;
    %add;
    %store/vec4 v0000000001167c50_0, 0, 32;
    %jmp T_1.4;
T_1.3 ;
    %load/vec4 v0000000001167cf0_0;
    %load/vec4 v0000000001166710_0;
    %sub;
    %store/vec4 v0000000001167c50_0, 0, 32;
    %jmp T_1.4;
T_1.4 ;
    %pop/vec4 1;
    %jmp T_1;
    .thread T_1, $push;
    .scope S_000000000123c320;
T_2 ;
    %pushi/vec4 0, 0, 3;
    %store/vec4 v0000000001166670_0, 0, 3;
    %end;
    .thread T_2;
    .scope S_000000000123c320;
T_3 ;
    %pushi/vec4 0, 0, 3;
    %store/vec4 v0000000001168010_0, 0, 3;
    %end;
    .thread T_3;
    .scope S_000000000123c320;
T_4 ;
    %pushi/vec4 0, 0, 5;
    %store/vec4 v00000000011672f0_0, 0, 5;
    %end;
    .thread T_4;
    .scope S_000000000123c320;
T_5 ;
    %wait E_000000000110b190;
    %load/vec4 v0000000001168290_0;
    %parti/s 6, 26, 6;
    %dup/vec4;
    %pushi/vec4 13, 0, 6;
    %cmp/u;
    %jmp/1 T_5.0, 6;
    %dup/vec4;
    %pushi/vec4 15, 0, 6;
    %cmp/u;
    %jmp/1 T_5.1, 6;
    %dup/vec4;
    %pushi/vec4 4, 0, 6;
    %cmp/u;
    %jmp/1 T_5.2, 6;
    %dup/vec4;
    %pushi/vec4 35, 0, 6;
    %cmp/u;
    %jmp/1 T_5.3, 6;
    %dup/vec4;
    %pushi/vec4 43, 0, 6;
    %cmp/u;
    %jmp/1 T_5.4, 6;
    %dup/vec4;
    %pushi/vec4 3, 0, 6;
    %cmp/u;
    %jmp/1 T_5.5, 6;
    %dup/vec4;
    %pushi/vec4 0, 0, 6;
    %cmp/u;
    %jmp/1 T_5.6, 6;
    %jmp T_5.7;
T_5.0 ;
    %pushi/vec4 1, 0, 3;
    %store/vec4 v0000000001166670_0, 0, 3;
    %pushi/vec4 1, 0, 3;
    %store/vec4 v0000000001168010_0, 0, 3;
    %pushi/vec4 0, 0, 5;
    %store/vec4 v00000000011672f0_0, 0, 5;
    %jmp T_5.7;
T_5.1 ;
    %pushi/vec4 2, 0, 3;
    %store/vec4 v0000000001166670_0, 0, 3;
    %pushi/vec4 1, 0, 3;
    %store/vec4 v0000000001168010_0, 0, 3;
    %pushi/vec4 0, 0, 5;
    %store/vec4 v00000000011672f0_0, 0, 5;
    %jmp T_5.7;
T_5.2 ;
    %pushi/vec4 0, 0, 3;
    %store/vec4 v0000000001166670_0, 0, 3;
    %pushi/vec4 1, 0, 3;
    %store/vec4 v0000000001168010_0, 0, 3;
    %pushi/vec4 0, 0, 5;
    %store/vec4 v00000000011672f0_0, 0, 5;
    %jmp T_5.7;
T_5.3 ;
    %pushi/vec4 2, 0, 3;
    %store/vec4 v0000000001166670_0, 0, 3;
    %pushi/vec4 1, 0, 3;
    %store/vec4 v0000000001168010_0, 0, 3;
    %pushi/vec4 0, 0, 5;
    %store/vec4 v00000000011672f0_0, 0, 5;
    %jmp T_5.7;
T_5.4 ;
    %pushi/vec4 2, 0, 3;
    %store/vec4 v0000000001166670_0, 0, 3;
    %pushi/vec4 1, 0, 3;
    %store/vec4 v0000000001168010_0, 0, 3;
    %pushi/vec4 0, 0, 5;
    %store/vec4 v00000000011672f0_0, 0, 5;
    %jmp T_5.7;
T_5.5 ;
    %pushi/vec4 0, 0, 3;
    %store/vec4 v0000000001166670_0, 0, 3;
    %pushi/vec4 1, 0, 3;
    %store/vec4 v0000000001168010_0, 0, 3;
    %pushi/vec4 2, 0, 5;
    %store/vec4 v00000000011672f0_0, 0, 5;
    %jmp T_5.7;
T_5.6 ;
    %load/vec4 v0000000001168290_0;
    %parti/s 6, 0, 2;
    %dup/vec4;
    %pushi/vec4 33, 0, 6;
    %cmp/u;
    %jmp/1 T_5.8, 6;
    %dup/vec4;
    %pushi/vec4 35, 0, 6;
    %cmp/u;
    %jmp/1 T_5.9, 6;
    %dup/vec4;
    %pushi/vec4 8, 0, 6;
    %cmp/u;
    %jmp/1 T_5.10, 6;
    %dup/vec4;
    %pushi/vec4 0, 0, 6;
    %cmp/u;
    %jmp/1 T_5.11, 6;
    %jmp T_5.12;
T_5.8 ;
    %pushi/vec4 2, 0, 3;
    %store/vec4 v0000000001166670_0, 0, 3;
    %pushi/vec4 0, 0, 3;
    %store/vec4 v0000000001168010_0, 0, 3;
    %pushi/vec4 1, 0, 5;
    %store/vec4 v00000000011672f0_0, 0, 5;
    %jmp T_5.12;
T_5.9 ;
    %pushi/vec4 6, 0, 3;
    %store/vec4 v0000000001166670_0, 0, 3;
    %pushi/vec4 0, 0, 3;
    %store/vec4 v0000000001168010_0, 0, 3;
    %pushi/vec4 1, 0, 5;
    %store/vec4 v00000000011672f0_0, 0, 5;
    %jmp T_5.12;
T_5.10 ;
    %pushi/vec4 0, 0, 3;
    %store/vec4 v0000000001166670_0, 0, 3;
    %pushi/vec4 1, 0, 3;
    %store/vec4 v0000000001168010_0, 0, 3;
    %pushi/vec4 0, 0, 5;
    %store/vec4 v00000000011672f0_0, 0, 5;
    %jmp T_5.12;
T_5.11 ;
    %pushi/vec4 0, 0, 3;
    %store/vec4 v0000000001166670_0, 0, 3;
    %pushi/vec4 1, 0, 3;
    %store/vec4 v0000000001168010_0, 0, 3;
    %pushi/vec4 0, 0, 5;
    %store/vec4 v00000000011672f0_0, 0, 5;
    %jmp T_5.12;
T_5.12 ;
    %pop/vec4 1;
    %jmp T_5.7;
T_5.7 ;
    %pop/vec4 1;
    %jmp T_5;
    .thread T_5, $push;
# The file index is used to find the file name in the following table.
:file_names 4;
    "N/A";
    "<interactive>";
    "Level_Execute.v";
    "./ALU.v";
