ISim log file
Running: E:\CPU Project\Single_Turn_CPU\test_cpu_isim_beh.exe -intstyle ise -gui -tclbatch isim.cmd -wdb E:/CPU Project/Single_Turn_CPU/test_cpu_isim_beh.wdb 
ISim P.20131013 (signature 0x7708f090)
This is a Full version of ISim.
Time resolution is 1 ps
# onerror resume
# wave add /
# run 1000 ns
Simulator is doing circuit initialization process.
Finished circuit initialization process.
@00003000: $27 <= 00000000
@00003004: $28 <= 00000000
@00003008: $29 <= 00000000
@0000300c: $30 <= 00000000
@00003010: $31 <= 00000000
@00003014: $28 <= 00000004
@00003018: $10 <= ffff0000
@0000301c: $10 <= ffffd657
@00003020: $ 8 <= 00000000
@00003024: $ 8 <= 00002b0a
@00003028: $ 8 <= 00000000
@0000302c: $ 8 <= 00006cd6
@00003030: $ 8 <= 78640000
@00003034: $16 <= f0c80000
@00003038: *00000000 <= 78640000
@0000303c: $29 <= 00000004
@00003048: $10 <= 00000000
@0000304c: $10 <= 00000130
@00003050: $ 8 <= 00000000
@00003054: $ 8 <= 00001807
@00003058: $ 8 <= ffff0000
@0000305c: $ 8 <= ffff9515
@00003060: $ 8 <= 0da90000
@00003064: $30 <= 00000026
@00003068: $16 <= 1b520000
@0000306c: *00000004 <= 0da90000
@00003070: $29 <= 00000008
@0000307c: $10 <= 00000000
@00003080: $10 <= 0000021f
@00003084: $ 8 <= ffff0000
@00003088: $ 8 <= ffffc7bf
@0000308c: $ 8 <= 00000000
@00003090: $ 8 <= 00004123
@00003094: $ 8 <= 7a4c0000
@00003098: $30 <= 0000004e
@000030a0: $16 <= f4980000
@000030a4: *00000008 <= 7a4c0000
@000030a8: $29 <= 00000004
@000030b4: $ 7 <= 00000000
@000030b8: $ 7 <= 00007a15
@000030bc: $ 0 <= ffff0000
@000030c0: $ 0 <= 0000882c
@000030c4: $ 0 <= 00000000
@000030c8: $ 0 <= 00007907
@000030cc: $ 0 <= 3f2a0000
@000030d0: $ 1 <= 00000000
@000030d4: *00000004 <= 00000000
@000030d8: $29 <= 00000008
@000030e4: $ 7 <= ffff0000
@000030e8: $ 7 <= ffffdd93
@000030ec: $ 0 <= ffff0000
@000030f0: $ 0 <= 0000d342
@000030f4: $ 0 <= 00000000
@000030f8: $ 0 <= 00007417
@000030fc: $ 0 <= 70630000
@00003100: $30 <= 00000013
@00003104: $ 1 <= 00000000
@00003108: *00000008 <= 00000000
@0000310c: $29 <= 0000000c
@00003110: $ 1 <= 0000000c
@00003114: $ 2 <= 0000000c
