Release 14.7 - xst P.20131013 (nt64)
Copyright (c) 1995-2013 Xilinx, Inc.  All rights reserved.
--> Parameter TMPDIR set to xst/projnav.tmp


Total REAL time to Xst completion: 0.00 secs
Total CPU time to Xst completion: 0.12 secs
 
--> Parameter xsthdpdir set to xst


Total REAL time to Xst completion: 0.00 secs
Total CPU time to Xst completion: 0.12 secs
 
--> Reading design: mips.prj

TABLE OF CONTENTS
  1) Synthesis Options Summary
  2) HDL Compilation
  3) Design Hierarchy Analysis
  4) HDL Analysis
  5) HDL Synthesis
     5.1) HDL Synthesis Report
  6) Advanced HDL Synthesis
     6.1) Advanced HDL Synthesis Report
  7) Low Level Synthesis
  8) Partition Report
  9) Final Report

=========================================================================
*                      Synthesis Options Summary                        *
=========================================================================
---- Source Parameters
Input File Name                    : "mips.prj"
Input Format                       : mixed
Ignore Synthesis Constraint File   : NO

---- Target Parameters
Output File Name                   : "mips"
Output Format                      : NGC
Target Device                      : XC9500 CPLDs

---- Source Options
Top Module Name                    : mips
Automatic FSM Extraction           : YES
FSM Encoding Algorithm             : Auto
Safe Implementation                : No
Mux Extraction                     : Yes
Resource Sharing                   : YES

---- Target Options
Add IO Buffers                     : YES
MACRO Preserve                     : YES
XOR Preserve                       : YES
Equivalent register Removal        : YES

---- General Options
Optimization Goal                  : Speed
Optimization Effort                : 1
Keep Hierarchy                     : Yes
Netlist Hierarchy                  : As_Optimized
RTL Output                         : Yes
Hierarchy Separator                : /
Bus Delimiter                      : <>
Case Specifier                     : Maintain
Verilog 2001                       : YES

---- Other Options
wysiwyg                            : NO

=========================================================================


=========================================================================
*                          HDL Compilation                              *
=========================================================================
Compiling verilog file "mips.v" in library work
Compiling verilog include file "ALU.v"
Compiling verilog include file "Controller.v"
Module <ALU> compiled
Compiling verilog include file "DataMemory.v"
Module <Controller> compiled
Compiling verilog include file "EXT.v"
Module <DataMemory> compiled
WARNING:HDLCompilers:301 - "EXT.v" line 33 Too many digits specified in hex constant
Compiling verilog include file "GRF.v"
Module <EXT> compiled
Compiling verilog include file "IFU.v"
Module <GRF> compiled
WARNING:HDLCompilers:301 - "IFU.v" line 44 Too many digits specified in hex constant
WARNING:HDLCompilers:301 - "IFU.v" line 67 Too many digits specified in hex constant
WARNING:HDLCompilers:301 - "IFU.v" line 74 Too many digits specified in hex constant
Module <IFU> compiled
Module <mips> compiled
No errors in compilation
Analysis of file <"mips.prj"> succeeded.
 

=========================================================================
*                     Design Hierarchy Analysis                         *
=========================================================================
Analyzing hierarchy for module <mips> in library <work>.

Analyzing hierarchy for module <IFU> in library <work>.

Analyzing hierarchy for module <Controller> in library <work>.

Analyzing hierarchy for module <ALU> in library <work>.

Analyzing hierarchy for module <GRF> in library <work>.

Analyzing hierarchy for module <DataMemory> in library <work>.

Analyzing hierarchy for module <EXT> in library <work>.


=========================================================================
*                            HDL Analysis                               *
=========================================================================
Analyzing top module <mips>.
Module <mips> is correct for synthesis.
 
Analyzing module <IFU> in library <work>.
ERROR:Xst:902 - "IFU.v" line 49: Unexpected rom event in always block sensitivity list.
 
Found 1 error(s). Aborting synthesis.
--> 

Total memory usage is 4518552 kilobytes

Number of errors   :    1 (   0 filtered)
Number of warnings :    4 (   0 filtered)
Number of infos    :    0 (   0 filtered)

