ISim log file
Running: E:\CPU Project\CPU_add_Interrupt_and_Exception\test_isim_beh.exe -intstyle ise -gui -tclbatch isim.cmd -wdb E:/CPU Project/CPU_add_Interrupt_and_Exception/test_isim_beh.wdb 
ISim P.20131013 (signature 0x7708f090)
This is a Full version of ISim.
Time resolution is 1 ps
# onerror resume
# wave add /
# run 1000 ns
Simulator is doing circuit initialization process.
Stopped at time : 0 ps :  in File "E:/CPU Project/CPU_add_Interrupt_and_Exception/test.v" Line 41 
# run 1.00us
Finished circuit initialization process.
                  45@00003000: $ 2 <= 00000236
                  65@00003008: $ 5 <= 0000000d
                  75@0000300c: $25 <= 00000401
                  95@00003014: $ 8 <= 8fff0000
                 105@00003018: $31 <= 00003027
                 115@0000301c: $ 1 <= ffff0000
                 125@00003020: $ 1 <= ffff8119
                 135@00003024: $ 5 <= ffff8119
                 145@00003028: $ 1 <= ffff0000
                 155@0000302c: $ 1 <= fffff028
                 165@00003030: $ 6 <= fffff028
                 175@00003034: $ 7 <= 00007f00
                 185@00003038: $16 <= 0000000a
                 195@00003040: *00000008 <= ffff8119
                 225@00003048: $20 <= 00000001
                 235@0000304c: $20 <= 00000002
                 245@00003050: $20 <= 00000003
                 325@00003070: $27 <= 00000000
                 335@00003074: $28 <= 00000000
                 385@00004180: $ 6 <= 0000000a
                 395@00004184: $21 <= 00003078
                 405@00004188: $ 2 <= 00004180
                 415@0000418c: $ 2 <= 00008300
                 425@00004190: $17 <= 00000403
                 435@00004194: $31 <= 00003044
                 465@00003078: $29 <= 00000000
                 515@00004180: $ 6 <= 0000000a
                 525@00004184: $21 <= 0000307c
                 535@00004188: $ 2 <= 00004180
                 545@0000418c: $ 2 <= 00008300
                 555@00004190: $17 <= 00000403
                 565@00004194: $31 <= 00003044
                 595@0000307c: $30 <= 00000000
                 645@00004180: $ 6 <= 0000000a
                 655@00004184: $21 <= 00003080
                 665@00004188: $ 2 <= 00004180
                 675@0000418c: $ 2 <= 00008300
                 685@00004190: $17 <= 00000403
                 695@00004194: $31 <= 00003044
                 725@00003080: $31 <= 00000000
                 775@00004180: $ 6 <= 0000000a
                 785@00004184: $21 <= 00003084
                 795@00004188: $ 2 <= 00004180
                 805@0000418c: $ 2 <= 00008300
                 815@00004190: $17 <= 00000403
                 825@00004194: $31 <= 00003044
                 855@00003084: $28 <= 00000004
                 905@00004180: $ 6 <= 0000000a
                 915@00004184: $21 <= 00003088
                 925@00004188: $ 2 <= 00004180
                 935@0000418c: $ 2 <= 00008300
                 945@00004190: $17 <= 00000403
                 955@00004194: $31 <= 00003044
