Release 14.7 - xst P.20131013 (nt64)
Copyright (c) 1995-2013 Xilinx, Inc.  All rights reserved.
--> Parameter TMPDIR set to xst/projnav.tmp


Total REAL time to Xst completion: 1.00 secs
Total CPU time to Xst completion: 0.43 secs
 
--> Parameter xsthdpdir set to xst


Total REAL time to Xst completion: 1.00 secs
Total CPU time to Xst completion: 0.44 secs
 
--> Reading design: id_fsm.prj

TABLE OF CONTENTS
  1) Synthesis Options Summary
  2) HDL Compilation
  3) Design Hierarchy Analysis
  4) HDL Analysis
  5) HDL Synthesis
     5.1) HDL Synthesis Report
  6) Advanced HDL Synthesis
     6.1) Advanced HDL Synthesis Report
  7) Low Level Synthesis
  8) Partition Report
  9) Final Report

=========================================================================
*                      Synthesis Options Summary                        *
=========================================================================
---- Source Parameters
Input File Name                    : "id_fsm.prj"
Input Format                       : mixed
Ignore Synthesis Constraint File   : NO

---- Target Parameters
Output File Name                   : "id_fsm"
Output Format                      : NGC
Target Device                      : XC9500 CPLDs

---- Source Options
Top Module Name                    : id_fsm
Automatic FSM Extraction           : YES
FSM Encoding Algorithm             : Auto
Safe Implementation                : No
Mux Extraction                     : Yes
Resource Sharing                   : YES

---- Target Options
Add IO Buffers                     : YES
MACRO Preserve                     : YES
XOR Preserve                       : YES
Equivalent register Removal        : YES

---- General Options
Optimization Goal                  : Speed
Optimization Effort                : 1
Keep Hierarchy                     : Yes
Netlist Hierarchy                  : As_Optimized
RTL Output                         : Yes
Hierarchy Separator                : /
Bus Delimiter                      : <>
Case Specifier                     : Maintain
Verilog 2001                       : YES

---- Other Options
wysiwyg                            : NO

=========================================================================


=========================================================================
*                          HDL Compilation                              *
=========================================================================
Compiling verilog file "code.v" in library work
Module <id_fsm> compiled
No errors in compilation
Analysis of file <"id_fsm.prj"> succeeded.
 

=========================================================================
*                     Design Hierarchy Analysis                         *
=========================================================================
Analyzing hierarchy for module <id_fsm> in library <work>.


=========================================================================
*                            HDL Analysis                               *
=========================================================================
Analyzing top module <id_fsm>.
Module <id_fsm> is correct for synthesis.
 

=========================================================================
*                           HDL Synthesis                               *
=========================================================================

Performing bidirectional port resolution...

Synthesizing Unit <id_fsm>.
    Related source file is "code.v".
    Found finite state machine <FSM_0> for signal <state>.
    -----------------------------------------------------------------------
    | States             | 3                                              |
    | Transitions        | 10                                             |
    | Inputs             | 3                                              |
    | Outputs            | 3                                              |
    | Clock              | clk                       (rising_edge)        |
    | Power Up State     | 00000000000000000000000000000000               |
    | Encoding           | automatic                                      |
    | Implementation     | automatic                                      |
    -----------------------------------------------------------------------
    Found 1-bit register for signal <out>.
    Found 2-bit register for signal <in>.
    Found 8-bit comparator greatequal for signal <in$cmp_ge0000> created at line 34.
    Found 8-bit comparator greatequal for signal <in$cmp_ge0001> created at line 34.
    Found 8-bit comparator greatequal for signal <in$cmp_ge0002> created at line 35.
    Found 8-bit comparator less for signal <in$cmp_lt0000> created at line 34.
    Found 8-bit comparator less for signal <in$cmp_lt0001> created at line 34.
    Found 8-bit comparator less for signal <in$cmp_lt0002> created at line 35.
    Summary:
	inferred   1 Finite State Machine(s).
	inferred   1 D-type flip-flop(s).
	inferred   6 Comparator(s).
Unit <id_fsm> synthesized.


=========================================================================
HDL Synthesis Report

Macro Statistics
# Registers                                            : 2
 1-bit register                                        : 1
 2-bit register                                        : 1
# Comparators                                          : 6
 8-bit comparator greatequal                           : 3
 8-bit comparator less                                 : 3

=========================================================================

=========================================================================
*                       Advanced HDL Synthesis                          *
=========================================================================

Analyzing FSM <FSM_0> for best encoding.
Optimizing FSM <state/FSM> on signal <state[1:2]> with sequential encoding.
----------------------------------------------
 State                            | Encoding
----------------------------------------------
 00000000000000000000000000000000 | 00
 00000000000000000000000000000001 | 01
 00000000000000000000000000000010 | 10
----------------------------------------------

=========================================================================
Advanced HDL Synthesis Report

Macro Statistics
# FSMs                                                 : 1
# Registers                                            : 1
 Flip-Flops                                            : 1

=========================================================================

=========================================================================
*                         Low Level Synthesis                           *
=========================================================================

Optimizing unit <id_fsm> ...
  implementation constraint: INIT=r	 : out
  implementation constraint: INIT=r	 : state_FSM_FFd1
  implementation constraint: INIT=r	 : state_FSM_FFd2

=========================================================================
*                           Partition Report                            *
=========================================================================

Partition Implementation Status
-------------------------------

  No Partitions were found in this design.

-------------------------------

=========================================================================
*                            Final Report                               *
=========================================================================
Final Results
RTL Top Level Output File Name     : id_fsm.ngr
Top Level Output File Name         : id_fsm
Output Format                      : NGC
Optimization Goal                  : Speed
Keep Hierarchy                     : Yes
Target Technology                  : XC9500 CPLDs
Macro Preserve                     : YES
XOR Preserve                       : YES
wysiwyg                            : NO

Design Statistics
# IOs                              : 10

Cell Usage :
# BELS                             : 38
#      AND2                        : 13
#      AND3                        : 2
#      INV                         : 14
#      OR2                         : 9
# FlipFlops/Latches                : 5
#      FD                          : 5
# IO Buffers                       : 10
#      IBUF                        : 9
#      OBUF                        : 1
=========================================================================


Total REAL time to Xst completion: 6.00 secs
Total CPU time to Xst completion: 5.76 secs
 
--> 

Total memory usage is 4518740 kilobytes

Number of errors   :    0 (   0 filtered)
Number of warnings :    0 (   0 filtered)
Number of infos    :    0 (   0 filtered)

